<?xml version="1.0" encoding="UTF-8"?>
<!-- Generated by org.testng.reporters.JUnitReportReporter -->
<testsuite skipped="0" hostname="Karthiks-MacBook-Pro.local" name="Axone.SecondCucumber.TestParameterRunner2" tests="2" failures="0" timestamp="30 Jan 2020 20:28:54 GMT" time="0.175" errors="0">
  <testcase name="runScenario" time="0.174" classname="Axone.SecondCucumber.TestParameterRunner2"/>
  <testcase name="runScenario" time="0.001" classname="Axone.SecondCucumber.TestParameterRunner2"/>
</testsuite> <!-- Axone.SecondCucumber.TestParameterRunner2 -->
