<?xml version="1.0" encoding="UTF-8"?>
<!-- Generated by org.testng.reporters.JUnitReportReporter -->
<testsuite skipped="0" hostname="atllt5cg73767fj.corp.sita.aero" name="Axone.ThirdCucumber.TestParameterRunner3" tests="1" failures="0" timestamp="31 Jan 2020 12:43:13 GMT" time="28.627" errors="0">
  <testcase name="runScenario" time="28.627" classname="Axone.ThirdCucumber.TestParameterRunner3"/>
</testsuite> <!-- Axone.ThirdCucumber.TestParameterRunner3 -->
